<?xml version="1.0" encoding="UTF-8"?>
<coverage generated="1763287420078" clover="3.2.0">
  <project timestamp="1763287420078" name="All files">
    <metrics statements="20" coveredstatements="20" conditionals="7" coveredconditionals="7" methods="9" coveredmethods="9" elements="36" coveredelements="36" complexity="0" loc="20" ncloc="20" packages="3" files="4" classes="4"/>
    <package name="components">
      <metrics statements="1" coveredstatements="1" conditionals="0" coveredconditionals="0" methods="1" coveredmethods="1"/>
      <file name="Hello.jsx" path="/Users/myilm/ReactApps/react-advance-rtl-jest/src/components/Hello.jsx">
        <metrics statements="1" coveredstatements="1" conditionals="0" coveredconditionals="0" methods="1" coveredmethods="1"/>
        <line num="1" count="1" type="stmt"/>
      </file>
    </package>
    <package name="features.feedback-form">
      <metrics statements="11" coveredstatements="11" conditionals="4" coveredconditionals="4" methods="4" coveredmethods="4"/>
      <file name="FeedbackForm.jsx" path="/Users/myilm/ReactApps/react-advance-rtl-jest/src/features/feedback-form/FeedbackForm.jsx">
        <metrics statements="11" coveredstatements="11" conditionals="4" coveredconditionals="4" methods="4" coveredmethods="4"/>
        <line num="1" count="1" type="stmt"/>
        <line num="3" count="4" type="stmt"/>
        <line num="4" count="9" type="stmt"/>
        <line num="5" count="9" type="stmt"/>
        <line num="7" count="9" type="cond" truecount="2" falsecount="0"/>
        <line num="9" count="9" type="cond" truecount="2" falsecount="0"/>
        <line num="13" count="9" type="stmt"/>
        <line num="14" count="4" type="stmt"/>
        <line num="15" count="4" type="stmt"/>
        <line num="30" count="3" type="stmt"/>
        <line num="44" count="2" type="stmt"/>
      </file>
    </package>
    <package name="utils">
      <metrics statements="8" coveredstatements="8" conditionals="3" coveredconditionals="3" methods="4" coveredmethods="4"/>
      <file name="Greeting.jsx" path="/Users/myilm/ReactApps/react-advance-rtl-jest/src/utils/Greeting.jsx">
        <metrics statements="7" coveredstatements="7" conditionals="1" coveredconditionals="1" methods="3" coveredmethods="3"/>
        <line num="1" count="1" type="stmt"/>
        <line num="3" count="1" type="stmt"/>
        <line num="4" count="8" type="stmt"/>
        <line num="5" count="8" type="stmt"/>
        <line num="7" count="8" type="stmt"/>
        <line num="8" count="1" type="stmt"/>
        <line num="19" count="6" type="stmt"/>
      </file>
      <file name="math.jsx" path="/Users/myilm/ReactApps/react-advance-rtl-jest/src/utils/math.jsx">
        <metrics statements="1" coveredstatements="1" conditionals="2" coveredconditionals="2" methods="1" coveredmethods="1"/>
        <line num="1" count="1" type="cond" truecount="2" falsecount="0"/>
      </file>
    </package>
  </project>
</coverage>
