{"/Users/myilm/ReactApps/react-advance-rtl-jest/src/components/Hello.jsx": {"path":"/Users/myilm/ReactApps/react-advance-rtl-jest/src/components/Hello.jsx","statementMap":{"0":{"start":{"line":1,"column":24},"end":{"line":1,"column":30}}},"fnMap":{"0":{"name":"Hello","decl":{"start":{"line":1,"column":24},"end":{"line":1,"column":30}},"loc":{"start":{"line":1,"column":38},"end":{"line":3,"column":null}}}},"branchMap":{},"s":{"0":1},"f":{"0":1},"b":{}}
,"/Users/myilm/ReactApps/react-advance-rtl-jest/src/features/feedback-form/FeedbackForm.jsx": {"path":"/Users/myilm/ReactApps/react-advance-rtl-jest/src/features/feedback-form/FeedbackForm.jsx","statementMap":{"0":{"start":{"line":3,"column":24},"end":{"line":3,"column":37}},"1":{"start":{"line":1,"column":25},"end":{"line":1,"column":null}},"2":{"start":{"line":4,"column":28},"end":{"line":4,"column":null}},"3":{"start":{"line":5,"column":32},"end":{"line":5,"column":null}},"4":{"start":{"line":7,"column":21},"end":{"line":7,"column":null}},"5":{"start":{"line":9,"column":30},"end":{"line":11,"column":null}},"6":{"start":{"line":13,"column":23},"end":{"line":16,"column":null}},"7":{"start":{"line":14,"column":4},"end":{"line":14,"column":null}},"8":{"start":{"line":15,"column":4},"end":{"line":15,"column":null}},"9":{"start":{"line":30,"column":31},"end":{"line":30,"column":null}},"10":{"start":{"line":44,"column":31},"end":{"line":44,"column":null}}},"fnMap":{"0":{"name":"FeedbackForm","decl":{"start":{"line":3,"column":24},"end":{"line":3,"column":37}},"loc":{"start":{"line":3,"column":49},"end":{"line":56,"column":null}}},"1":{"name":"(anonymous_2)","decl":{"start":{"line":13,"column":23},"end":{"line":13,"column":24}},"loc":{"start":{"line":13,"column":24},"end":{"line":16,"column":null}}},"2":{"name":"(anonymous_3)","decl":{"start":{"line":30,"column":24},"end":{"line":30,"column":25}},"loc":{"start":{"line":30,"column":31},"end":{"line":30,"column":null}}},"3":{"name":"(anonymous_4)","decl":{"start":{"line":44,"column":24},"end":{"line":44,"column":25}},"loc":{"start":{"line":44,"column":31},"end":{"line":44,"column":null}}}},"branchMap":{"0":{"loc":{"start":{"line":7,"column":21},"end":{"line":7,"column":null}},"type":"binary-expr","locations":[{"start":{"line":7,"column":21},"end":{"line":7,"column":42}},{"start":{"line":7,"column":42},"end":{"line":7,"column":null}}]},"1":{"loc":{"start":{"line":9,"column":30},"end":{"line":11,"column":null}},"type":"cond-expr","locations":[{"start":{"line":10,"column":6},"end":{"line":10,"column":null}},{"start":{"line":11,"column":6},"end":{"line":11,"column":null}}]}},"s":{"0":4,"1":1,"2":9,"3":9,"4":9,"5":9,"6":9,"7":4,"8":4,"9":3,"10":2},"f":{"0":9,"1":4,"2":3,"3":2},"b":{"0":[9,3],"1":[2,7]}}
,"/Users/myilm/ReactApps/react-advance-rtl-jest/src/utils/Greeting.jsx": {"path":"/Users/myilm/ReactApps/react-advance-rtl-jest/src/utils/Greeting.jsx","statementMap":{"0":{"start":{"line":3,"column":24},"end":{"line":3,"column":null}},"1":{"start":{"line":1,"column":25},"end":{"line":1,"column":null}},"2":{"start":{"line":4,"column":24},"end":{"line":4,"column":null}},"3":{"start":{"line":5,"column":32},"end":{"line":5,"column":null}},"4":{"start":{"line":7,"column":22},"end":{"line":9,"column":null}},"5":{"start":{"line":8,"column":8},"end":{"line":8,"column":null}},"6":{"start":{"line":19,"column":27},"end":{"line":19,"column":null}}},"fnMap":{"0":{"name":"Greeting","decl":{"start":{"line":3,"column":24},"end":{"line":3,"column":null}},"loc":{"start":{"line":3,"column":24},"end":{"line":25,"column":null}}},"1":{"name":"(anonymous_2)","decl":{"start":{"line":7,"column":22},"end":{"line":7,"column":null}},"loc":{"start":{"line":7,"column":22},"end":{"line":9,"column":null}}},"2":{"name":"(anonymous_3)","decl":{"start":{"line":19,"column":22},"end":{"line":19,"column":23}},"loc":{"start":{"line":19,"column":27},"end":{"line":19,"column":null}}}},"branchMap":{"0":{"loc":{"start":{"line":22,"column":13},"end":{"line":22,"column":25}},"type":"binary-expr","locations":[{"start":{"line":22,"column":13},"end":{"line":22,"column":25}}]}},"s":{"0":1,"1":1,"2":8,"3":8,"4":8,"5":1,"6":6},"f":{"0":8,"1":1,"2":6},"b":{"0":[8]}}
,"/Users/myilm/ReactApps/react-advance-rtl-jest/src/utils/math.jsx": {"path":"/Users/myilm/ReactApps/react-advance-rtl-jest/src/utils/math.jsx","statementMap":{"0":{"start":{"line":1,"column":24},"end":{"line":1,"column":30}}},"fnMap":{"0":{"name":"Topla","decl":{"start":{"line":1,"column":24},"end":{"line":1,"column":30}},"loc":{"start":{"line":1,"column":40},"end":{"line":3,"column":null}}}},"branchMap":{"0":{"loc":{"start":{"line":1,"column":31},"end":{"line":1,"column":34}},"type":"default-arg","locations":[{"start":{"line":1,"column":33},"end":{"line":1,"column":34}}]},"1":{"loc":{"start":{"line":1,"column":36},"end":{"line":1,"column":39}},"type":"default-arg","locations":[{"start":{"line":1,"column":38},"end":{"line":1,"column":39}}]}},"s":{"0":1},"f":{"0":1},"b":{"0":[1],"1":[1]}}
}
