TN:
SF:src/components/Hello.jsx
FN:1,Hello
FNF:1
FNH:1
FNDA:1,Hello
DA:1,1
LF:1
LH:1
BRF:0
BRH:0
end_of_record
TN:
SF:src/features/feedback-form/FeedbackForm.jsx
FN:3,FeedbackForm
FN:13,(anonymous_2)
FN:30,(anonymous_3)
FN:44,(anonymous_4)
FNF:4
FNH:4
FNDA:9,FeedbackForm
FNDA:4,(anonymous_2)
FNDA:3,(anonymous_3)
FNDA:2,(anonymous_4)
DA:1,1
DA:3,4
DA:4,9
DA:5,9
DA:7,9
DA:9,9
DA:13,9
DA:14,4
DA:15,4
DA:30,3
DA:44,2
LF:11
LH:11
BRDA:7,0,0,9
BRDA:7,0,1,3
BRDA:9,1,0,2
BRDA:9,1,1,7
BRF:4
BRH:4
end_of_record
TN:
SF:src/utils/Greeting.jsx
FN:3,Greeting
FN:7,(anonymous_2)
FN:19,(anonymous_3)
FNF:3
FNH:3
FNDA:8,Greeting
FNDA:1,(anonymous_2)
FNDA:6,(anonymous_3)
DA:1,1
DA:3,1
DA:4,8
DA:5,8
DA:7,8
DA:8,1
DA:19,6
LF:7
LH:7
BRDA:22,0,0,8
BRF:1
BRH:1
end_of_record
TN:
SF:src/utils/math.jsx
FN:1,Topla
FNF:1
FNH:1
FNDA:1,Topla
DA:1,1
LF:1
LH:1
BRDA:1,0,0,1
BRDA:1,1,0,1
BRF:2
BRH:2
end_of_record
